<?xml version="1.0" encoding="UTF-8"?>
<testng-results ignored="0" total="1" passed="1" failed="0" skipped="0">
  <reporter-output>
  </reporter-output>
  <suite started-at="2025-01-27T12:30:46 IST" name="Default suite" finished-at="2025-01-27T12:31:05 IST" duration-ms="19087">
    <groups>
    </groups>
    <test started-at="2025-01-27T12:30:46 IST" name="Default test" finished-at="2025-01-27T12:31:05 IST" duration-ms="19087">
      <class name="makeMyTrip.TestCase01_UsingTestNg">
        <test-method signature="Run()[pri:0, instance:makeMyTrip.TestCase01_UsingTestNg@397fbdb]" started-at="2025-01-27T12:30:46 IST" name="Run" finished-at="2025-01-27T12:31:05 IST" duration-ms="19035" status="PASS">
          <reporter-output>
          </reporter-output>
        </test-method> <!-- Run -->
      </class> <!-- makeMyTrip.TestCase01_UsingTestNg -->
    </test> <!-- Default test -->
  </suite> <!-- Default suite -->
</testng-results>
